c:\users\coenraad\desktop\project take 2\source\3 visual studio\clipsclrwrapper\intermediate\win32\release\vc142.pdb
c:\users\coenraad\desktop\project take 2\source\3 visual studio\clipsclrwrapper\intermediate\win32\release\cstrccom.obj
c:\users\coenraad\desktop\project take 2\source\3 visual studio\clipsclrwrapper\intermediate\win32\release\cstrcbin.obj
c:\users\coenraad\desktop\project take 2\source\3 visual studio\clipsclrwrapper\intermediate\win32\release\crstrtgy.obj
c:\users\coenraad\desktop\project take 2\source\3 visual studio\clipsclrwrapper\intermediate\win32\release\constrnt.obj
c:\users\coenraad\desktop\project take 2\source\3 visual studio\clipsclrwrapper\intermediate\win32\release\constrct.obj
c:\users\coenraad\desktop\project take 2\source\3 visual studio\clipsclrwrapper\intermediate\win32\release\conscomp.obj
c:\users\coenraad\desktop\project take 2\source\3 visual studio\clipsclrwrapper\intermediate\win32\release\commline.obj
c:\users\coenraad\desktop\project take 2\source\3 visual studio\clipsclrwrapper\intermediate\win32\release\clsltpsr.obj
c:\users\coenraad\desktop\project take 2\source\3 visual studio\clipsclrwrapper\intermediate\win32\release\classpsr.obj
c:\users\coenraad\desktop\project take 2\source\3 visual studio\clipsclrwrapper\intermediate\win32\release\classini.obj
c:\users\coenraad\desktop\project take 2\source\3 visual studio\clipsclrwrapper\intermediate\win32\release\classinf.obj
c:\users\coenraad\desktop\project take 2\source\3 visual studio\clipsclrwrapper\intermediate\win32\release\classfun.obj
c:\users\coenraad\desktop\project take 2\source\3 visual studio\clipsclrwrapper\intermediate\win32\release\classexm.obj
c:\users\coenraad\desktop\project take 2\source\3 visual studio\clipsclrwrapper\intermediate\win32\release\classcom.obj
c:\users\coenraad\desktop\project take 2\source\3 visual studio\clipsclrwrapper\intermediate\win32\release\bsave.obj
c:\users\coenraad\desktop\project take 2\source\3 visual studio\clipsclrwrapper\intermediate\win32\release\bmathfun.obj
c:\users\coenraad\desktop\project take 2\source\3 visual studio\clipsclrwrapper\intermediate\win32\release\bload.obj
c:\users\coenraad\desktop\project take 2\source\3 visual studio\clipsclrwrapper\intermediate\win32\release\argacces.obj
c:\users\coenraad\desktop\project take 2\source\3 visual studio\clipsclrwrapper\intermediate\win32\release\analysis.obj
c:\users\coenraad\desktop\project take 2\source\3 visual studio\clipsclrwrapper\intermediate\win32\release\agenda.obj
c:\users\coenraad\desktop\project take 2\source\3 visual studio\clipsclrwrapper\intermediate\win32\release\dffnxpsr.obj
c:\users\coenraad\desktop\project take 2\source\3 visual studio\clipsclrwrapper\intermediate\win32\release\dffnxfun.obj
c:\users\coenraad\desktop\project take 2\source\3 visual studio\clipsclrwrapper\intermediate\win32\release\dffnxexe.obj
c:\users\coenraad\desktop\project take 2\source\3 visual studio\clipsclrwrapper\intermediate\win32\release\dffnxcmp.obj
c:\users\coenraad\desktop\project take 2\source\3 visual studio\clipsclrwrapper\intermediate\win32\release\dffnxbin.obj
c:\users\coenraad\desktop\project take 2\source\3 visual studio\clipsclrwrapper\intermediate\win32\release\dffctpsr.obj
c:\users\coenraad\desktop\project take 2\source\3 visual studio\clipsclrwrapper\intermediate\win32\release\dffctdef.obj
c:\users\coenraad\desktop\project take 2\source\3 visual studio\clipsclrwrapper\intermediate\win32\release\dffctcmp.obj
c:\users\coenraad\desktop\project take 2\source\3 visual studio\clipsclrwrapper\intermediate\win32\release\dffctbsc.obj
c:\users\coenraad\desktop\project take 2\source\3 visual studio\clipsclrwrapper\intermediate\win32\release\dffctbin.obj
c:\users\coenraad\desktop\project take 2\source\3 visual studio\clipsclrwrapper\intermediate\win32\release\developr.obj
c:\users\coenraad\desktop\project take 2\source\3 visual studio\clipsclrwrapper\intermediate\win32\release\defins.obj
c:\users\coenraad\desktop\project take 2\source\3 visual studio\clipsclrwrapper\intermediate\win32\release\default.obj
c:\users\coenraad\desktop\project take 2\source\3 visual studio\clipsclrwrapper\intermediate\win32\release\cstrnutl.obj
c:\users\coenraad\desktop\project take 2\source\3 visual studio\clipsclrwrapper\intermediate\win32\release\cstrnpsr.obj
c:\users\coenraad\desktop\project take 2\source\3 visual studio\clipsclrwrapper\intermediate\win32\release\cstrnops.obj
c:\users\coenraad\desktop\project take 2\source\3 visual studio\clipsclrwrapper\intermediate\win32\release\cstrncmp.obj
c:\users\coenraad\desktop\project take 2\source\3 visual studio\clipsclrwrapper\intermediate\win32\release\cstrnchk.obj
c:\users\coenraad\desktop\project take 2\source\3 visual studio\clipsclrwrapper\intermediate\win32\release\cstrnbin.obj
c:\users\coenraad\desktop\project take 2\source\3 visual studio\clipsclrwrapper\intermediate\win32\release\cstrcpsr.obj
c:\users\coenraad\desktop\project take 2\source\3 visual studio\clipsclrwrapper\intermediate\win32\release\facthsh.obj
c:\users\coenraad\desktop\project take 2\source\3 visual studio\clipsclrwrapper\intermediate\win32\release\factgen.obj
c:\users\coenraad\desktop\project take 2\source\3 visual studio\clipsclrwrapper\intermediate\win32\release\factfun.obj
c:\users\coenraad\desktop\project take 2\source\3 visual studio\clipsclrwrapper\intermediate\win32\release\factcom.obj
c:\users\coenraad\desktop\project take 2\source\3 visual studio\clipsclrwrapper\intermediate\win32\release\factcmp.obj
c:\users\coenraad\desktop\project take 2\source\3 visual studio\clipsclrwrapper\intermediate\win32\release\factbld.obj
c:\users\coenraad\desktop\project take 2\source\3 visual studio\clipsclrwrapper\intermediate\win32\release\factbin.obj
c:\users\coenraad\desktop\project take 2\source\3 visual studio\clipsclrwrapper\intermediate\win32\release\extnfunc.obj
c:\users\coenraad\desktop\project take 2\source\3 visual studio\clipsclrwrapper\intermediate\win32\release\exprnpsr.obj
c:\users\coenraad\desktop\project take 2\source\3 visual studio\clipsclrwrapper\intermediate\win32\release\exprnops.obj
c:\users\coenraad\desktop\project take 2\source\3 visual studio\clipsclrwrapper\intermediate\win32\release\exprnbin.obj
c:\users\coenraad\desktop\project take 2\source\3 visual studio\clipsclrwrapper\intermediate\win32\release\expressn.obj
c:\users\coenraad\desktop\project take 2\source\3 visual studio\clipsclrwrapper\intermediate\win32\release\evaluatn.obj
c:\users\coenraad\desktop\project take 2\source\3 visual studio\clipsclrwrapper\intermediate\win32\release\envrnmnt.obj
c:\users\coenraad\desktop\project take 2\source\3 visual studio\clipsclrwrapper\intermediate\win32\release\envrnbld.obj
c:\users\coenraad\desktop\project take 2\source\3 visual studio\clipsclrwrapper\intermediate\win32\release\engine.obj
c:\users\coenraad\desktop\project take 2\source\3 visual studio\clipsclrwrapper\intermediate\win32\release\emathfun.obj
c:\users\coenraad\desktop\project take 2\source\3 visual studio\clipsclrwrapper\intermediate\win32\release\drive.obj
c:\users\coenraad\desktop\project take 2\source\3 visual studio\clipsclrwrapper\intermediate\win32\release\dfinscmp.obj
c:\users\coenraad\desktop\project take 2\source\3 visual studio\clipsclrwrapper\intermediate\win32\release\dfinsbin.obj
c:\users\coenraad\desktop\project take 2\source\3 visual studio\clipsclrwrapper\intermediate\win32\release\globlbsc.obj
c:\users\coenraad\desktop\project take 2\source\3 visual studio\clipsclrwrapper\intermediate\win32\release\globlbin.obj
c:\users\coenraad\desktop\project take 2\source\3 visual studio\clipsclrwrapper\intermediate\win32\release\genrcpsr.obj
c:\users\coenraad\desktop\project take 2\source\3 visual studio\clipsclrwrapper\intermediate\win32\release\genrcfun.obj
c:\users\coenraad\desktop\project take 2\source\3 visual studio\clipsclrwrapper\intermediate\win32\release\genrcexe.obj
c:\users\coenraad\desktop\project take 2\source\3 visual studio\clipsclrwrapper\intermediate\win32\release\genrccom.obj
c:\users\coenraad\desktop\project take 2\source\3 visual studio\clipsclrwrapper\intermediate\win32\release\genrccmp.obj
c:\users\coenraad\desktop\project take 2\source\3 visual studio\clipsclrwrapper\intermediate\win32\release\genrcbin.obj
c:\users\coenraad\desktop\project take 2\source\3 visual studio\clipsclrwrapper\intermediate\win32\release\generate.obj
c:\users\coenraad\desktop\project take 2\source\3 visual studio\clipsclrwrapper\intermediate\win32\release\fileutil.obj
c:\users\coenraad\desktop\project take 2\source\3 visual studio\clipsclrwrapper\intermediate\win32\release\filertr.obj
c:\users\coenraad\desktop\project take 2\source\3 visual studio\clipsclrwrapper\intermediate\win32\release\filecom.obj
c:\users\coenraad\desktop\project take 2\source\3 visual studio\clipsclrwrapper\intermediate\win32\release\factrhs.obj
c:\users\coenraad\desktop\project take 2\source\3 visual studio\clipsclrwrapper\intermediate\win32\release\factrete.obj
c:\users\coenraad\desktop\project take 2\source\3 visual studio\clipsclrwrapper\intermediate\win32\release\factqury.obj
c:\users\coenraad\desktop\project take 2\source\3 visual studio\clipsclrwrapper\intermediate\win32\release\factqpsr.obj
c:\users\coenraad\desktop\project take 2\source\3 visual studio\clipsclrwrapper\intermediate\win32\release\factprt.obj
c:\users\coenraad\desktop\project take 2\source\3 visual studio\clipsclrwrapper\intermediate\win32\release\factmngr.obj
c:\users\coenraad\desktop\project take 2\source\3 visual studio\clipsclrwrapper\intermediate\win32\release\factmch.obj
c:\users\coenraad\desktop\project take 2\source\3 visual studio\clipsclrwrapper\intermediate\win32\release\factlhs.obj
c:\users\coenraad\desktop\project take 2\source\3 visual studio\clipsclrwrapper\intermediate\win32\release\miscfun.obj
c:\users\coenraad\desktop\project take 2\source\3 visual studio\clipsclrwrapper\intermediate\win32\release\memalloc.obj
c:\users\coenraad\desktop\project take 2\source\3 visual studio\clipsclrwrapper\intermediate\win32\release\lgcldpnd.obj
c:\users\coenraad\desktop\project take 2\source\3 visual studio\clipsclrwrapper\intermediate\win32\release\iofun.obj
c:\users\coenraad\desktop\project take 2\source\3 visual studio\clipsclrwrapper\intermediate\win32\release\insqypsr.obj
c:\users\coenraad\desktop\project take 2\source\3 visual studio\clipsclrwrapper\intermediate\win32\release\insquery.obj
c:\users\coenraad\desktop\project take 2\source\3 visual studio\clipsclrwrapper\intermediate\win32\release\inspsr.obj
c:\users\coenraad\desktop\project take 2\source\3 visual studio\clipsclrwrapper\intermediate\win32\release\insmult.obj
c:\users\coenraad\desktop\project take 2\source\3 visual studio\clipsclrwrapper\intermediate\win32\release\insmoddp.obj
c:\users\coenraad\desktop\project take 2\source\3 visual studio\clipsclrwrapper\intermediate\win32\release\insmngr.obj
c:\users\coenraad\desktop\project take 2\source\3 visual studio\clipsclrwrapper\intermediate\win32\release\insfun.obj
c:\users\coenraad\desktop\project take 2\source\3 visual studio\clipsclrwrapper\intermediate\win32\release\insfile.obj
c:\users\coenraad\desktop\project take 2\source\3 visual studio\clipsclrwrapper\intermediate\win32\release\inscom.obj
c:\users\coenraad\desktop\project take 2\source\3 visual studio\clipsclrwrapper\intermediate\win32\release\inherpsr.obj
c:\users\coenraad\desktop\project take 2\source\3 visual studio\clipsclrwrapper\intermediate\win32\release\incrrset.obj
c:\users\coenraad\desktop\project take 2\source\3 visual studio\clipsclrwrapper\intermediate\win32\release\immthpsr.obj
c:\users\coenraad\desktop\project take 2\source\3 visual studio\clipsclrwrapper\intermediate\win32\release\globlpsr.obj
c:\users\coenraad\desktop\project take 2\source\3 visual studio\clipsclrwrapper\intermediate\win32\release\globldef.obj
c:\users\coenraad\desktop\project take 2\source\3 visual studio\clipsclrwrapper\intermediate\win32\release\globlcom.obj
c:\users\coenraad\desktop\project take 2\source\3 visual studio\clipsclrwrapper\intermediate\win32\release\globlcmp.obj
c:\users\coenraad\desktop\project take 2\source\3 visual studio\clipsclrwrapper\intermediate\win32\release\objrtmch.obj
c:\users\coenraad\desktop\project take 2\source\3 visual studio\clipsclrwrapper\intermediate\win32\release\objrtgen.obj
c:\users\coenraad\desktop\project take 2\source\3 visual studio\clipsclrwrapper\intermediate\win32\release\objrtfnx.obj
c:\users\coenraad\desktop\project take 2\source\3 visual studio\clipsclrwrapper\intermediate\win32\release\objrtcmp.obj
c:\users\coenraad\desktop\project take 2\source\3 visual studio\clipsclrwrapper\intermediate\win32\release\objrtbld.obj
c:\users\coenraad\desktop\project take 2\source\3 visual studio\clipsclrwrapper\intermediate\win32\release\objrtbin.obj
c:\users\coenraad\desktop\project take 2\source\3 visual studio\clipsclrwrapper\intermediate\win32\release\objcmp.obj
c:\users\coenraad\desktop\project take 2\source\3 visual studio\clipsclrwrapper\intermediate\win32\release\objbin.obj
c:\users\coenraad\desktop\project take 2\source\3 visual studio\clipsclrwrapper\intermediate\win32\release\multifun.obj
c:\users\coenraad\desktop\project take 2\source\3 visual studio\clipsclrwrapper\intermediate\win32\release\multifld.obj
c:\users\coenraad\desktop\project take 2\source\3 visual studio\clipsclrwrapper\intermediate\win32\release\msgpsr.obj
c:\users\coenraad\desktop\project take 2\source\3 visual studio\clipsclrwrapper\intermediate\win32\release\msgpass.obj
c:\users\coenraad\desktop\project take 2\source\3 visual studio\clipsclrwrapper\intermediate\win32\release\msgfun.obj
c:\users\coenraad\desktop\project take 2\source\3 visual studio\clipsclrwrapper\intermediate\win32\release\msgcom.obj
c:\users\coenraad\desktop\project take 2\source\3 visual studio\clipsclrwrapper\intermediate\win32\release\modulutl.obj
c:\users\coenraad\desktop\project take 2\source\3 visual studio\clipsclrwrapper\intermediate\win32\release\modulpsr.obj
c:\users\coenraad\desktop\project take 2\source\3 visual studio\clipsclrwrapper\intermediate\win32\release\moduldef.obj
c:\users\coenraad\desktop\project take 2\source\3 visual studio\clipsclrwrapper\intermediate\win32\release\modulcmp.obj
c:\users\coenraad\desktop\project take 2\source\3 visual studio\clipsclrwrapper\intermediate\win32\release\modulbsc.obj
c:\users\coenraad\desktop\project take 2\source\3 visual studio\clipsclrwrapper\intermediate\win32\release\modulbin.obj
c:\users\coenraad\desktop\project take 2\source\3 visual studio\clipsclrwrapper\intermediate\win32\release\ruledef.obj
c:\users\coenraad\desktop\project take 2\source\3 visual studio\clipsclrwrapper\intermediate\win32\release\rulecstr.obj
c:\users\coenraad\desktop\project take 2\source\3 visual studio\clipsclrwrapper\intermediate\win32\release\rulecom.obj
c:\users\coenraad\desktop\project take 2\source\3 visual studio\clipsclrwrapper\intermediate\win32\release\rulecmp.obj
c:\users\coenraad\desktop\project take 2\source\3 visual studio\clipsclrwrapper\intermediate\win32\release\rulebsc.obj
c:\users\coenraad\desktop\project take 2\source\3 visual studio\clipsclrwrapper\intermediate\win32\release\rulebld.obj
c:\users\coenraad\desktop\project take 2\source\3 visual studio\clipsclrwrapper\intermediate\win32\release\rulebin.obj
c:\users\coenraad\desktop\project take 2\source\3 visual studio\clipsclrwrapper\intermediate\win32\release\router.obj
c:\users\coenraad\desktop\project take 2\source\3 visual studio\clipsclrwrapper\intermediate\win32\release\retract.obj
c:\users\coenraad\desktop\project take 2\source\3 visual studio\clipsclrwrapper\intermediate\win32\release\reteutil.obj
c:\users\coenraad\desktop\project take 2\source\3 visual studio\clipsclrwrapper\intermediate\win32\release\reorder.obj
c:\users\coenraad\desktop\project take 2\source\3 visual studio\clipsclrwrapper\intermediate\win32\release\proflfun.obj
c:\users\coenraad\desktop\project take 2\source\3 visual studio\clipsclrwrapper\intermediate\win32\release\prntutil.obj
c:\users\coenraad\desktop\project take 2\source\3 visual studio\clipsclrwrapper\intermediate\win32\release\prdctfun.obj
c:\users\coenraad\desktop\project take 2\source\3 visual studio\clipsclrwrapper\intermediate\win32\release\prcdrpsr.obj
c:\users\coenraad\desktop\project take 2\source\3 visual studio\clipsclrwrapper\intermediate\win32\release\prcdrfun.obj
c:\users\coenraad\desktop\project take 2\source\3 visual studio\clipsclrwrapper\intermediate\win32\release\prccode.obj
c:\users\coenraad\desktop\project take 2\source\3 visual studio\clipsclrwrapper\intermediate\win32\release\pprint.obj
c:\users\coenraad\desktop\project take 2\source\3 visual studio\clipsclrwrapper\intermediate\win32\release\pattern.obj
c:\users\coenraad\desktop\project take 2\source\3 visual studio\clipsclrwrapper\intermediate\win32\release\parsefun.obj
c:\users\coenraad\desktop\project take 2\source\3 visual studio\clipsclrwrapper\intermediate\win32\release\tmpltrhs.obj
c:\users\coenraad\desktop\project take 2\source\3 visual studio\clipsclrwrapper\intermediate\win32\release\tmpltpsr.obj
c:\users\coenraad\desktop\project take 2\source\3 visual studio\clipsclrwrapper\intermediate\win32\release\tmpltlhs.obj
c:\users\coenraad\desktop\project take 2\source\3 visual studio\clipsclrwrapper\intermediate\win32\release\tmpltfun.obj
c:\users\coenraad\desktop\project take 2\source\3 visual studio\clipsclrwrapper\intermediate\win32\release\tmpltdef.obj
c:\users\coenraad\desktop\project take 2\source\3 visual studio\clipsclrwrapper\intermediate\win32\release\tmpltcmp.obj
c:\users\coenraad\desktop\project take 2\source\3 visual studio\clipsclrwrapper\intermediate\win32\release\tmpltbsc.obj
c:\users\coenraad\desktop\project take 2\source\3 visual studio\clipsclrwrapper\intermediate\win32\release\tmpltbin.obj
c:\users\coenraad\desktop\project take 2\source\3 visual studio\clipsclrwrapper\intermediate\win32\release\textpro.obj
c:\users\coenraad\desktop\project take 2\source\3 visual studio\clipsclrwrapper\intermediate\win32\release\sysdep.obj
c:\users\coenraad\desktop\project take 2\source\3 visual studio\clipsclrwrapper\intermediate\win32\release\symbol.obj
c:\users\coenraad\desktop\project take 2\source\3 visual studio\clipsclrwrapper\intermediate\win32\release\symblcmp.obj
c:\users\coenraad\desktop\project take 2\source\3 visual studio\clipsclrwrapper\intermediate\win32\release\symblbin.obj
c:\users\coenraad\desktop\project take 2\source\3 visual studio\clipsclrwrapper\intermediate\win32\release\strngrtr.obj
c:\users\coenraad\desktop\project take 2\source\3 visual studio\clipsclrwrapper\intermediate\win32\release\strngfun.obj
c:\users\coenraad\desktop\project take 2\source\3 visual studio\clipsclrwrapper\intermediate\win32\release\sortfun.obj
c:\users\coenraad\desktop\project take 2\source\3 visual studio\clipsclrwrapper\intermediate\win32\release\scanner.obj
c:\users\coenraad\desktop\project take 2\source\3 visual studio\clipsclrwrapper\intermediate\win32\release\rulepsr.obj
c:\users\coenraad\desktop\project take 2\source\3 visual studio\clipsclrwrapper\intermediate\win32\release\rulelhs.obj
c:\users\coenraad\desktop\project take 2\source\3 visual studio\clipsclrwrapper\intermediate\win32\release\ruledlt.obj
c:\users\coenraad\desktop\project take 2\source\3 visual studio\clipsclrwrapper\intermediate\win32\release\clipsnet_userfunction.obj
c:\users\coenraad\desktop\project take 2\source\3 visual studio\clipsclrwrapper\intermediate\win32\release\clipsnet_slotvalue.obj
c:\users\coenraad\desktop\project take 2\source\3 visual studio\clipsclrwrapper\intermediate\win32\release\clipsnet_router.obj
c:\users\coenraad\desktop\project take 2\source\3 visual studio\clipsclrwrapper\intermediate\win32\release\clipsnet_periodiccallback.obj
c:\users\coenraad\desktop\project take 2\source\3 visual studio\clipsclrwrapper\intermediate\win32\release\clipsnet_parsererrorcallback.obj
c:\users\coenraad\desktop\project take 2\source\3 visual studio\clipsclrwrapper\intermediate\win32\release\clipsnet_module.obj
c:\users\coenraad\desktop\project take 2\source\3 visual studio\clipsclrwrapper\intermediate\win32\release\clipsnet_focusstack.obj
c:\users\coenraad\desktop\project take 2\source\3 visual studio\clipsclrwrapper\intermediate\win32\release\clipsnet_focus.obj
c:\users\coenraad\desktop\project take 2\source\3 visual studio\clipsclrwrapper\intermediate\win32\release\clipsnet_factinstance.obj
c:\users\coenraad\desktop\project take 2\source\3 visual studio\clipsclrwrapper\intermediate\win32\release\clipsnet_exceptions.obj
c:\users\coenraad\desktop\project take 2\source\3 visual studio\clipsclrwrapper\intermediate\win32\release\clipsnet_environment.obj
c:\users\coenraad\desktop\project take 2\source\3 visual studio\clipsclrwrapper\intermediate\win32\release\clipsnet_agenda.obj
c:\users\coenraad\desktop\project take 2\source\3 visual studio\clipsclrwrapper\intermediate\win32\release\clipsnet_activation.obj
c:\users\coenraad\desktop\project take 2\source\3 visual studio\clipsclrwrapper\intermediate\win32\release\clipsclrassemblyinfo.obj
c:\users\coenraad\desktop\project take 2\source\3 visual studio\clipsclrwrapper\intermediate\win32\release\clipscpplib.obj
c:\users\coenraad\desktop\project take 2\source\3 visual studio\clipsclrwrapper\intermediate\win32\release\watch.obj
c:\users\coenraad\desktop\project take 2\source\3 visual studio\clipsclrwrapper\intermediate\win32\release\utility.obj
c:\users\coenraad\desktop\project take 2\source\3 visual studio\clipsclrwrapper\intermediate\win32\release\userfunctions.obj
c:\users\coenraad\desktop\project take 2\source\3 visual studio\clipsclrwrapper\intermediate\win32\release\userdata.obj
c:\users\coenraad\desktop\project take 2\source\3 visual studio\clipsclrwrapper\intermediate\win32\release\tmpltutl.obj
c:\users\coenraad\desktop\project take 2\source\3 visual studio\clipsclrwrapper\intermediate\win32\release\clipsnet_values.obj
c:\users\coenraad\desktop\project take 2\source\3 visual studio\clipsclrwrapper\intermediate\win32\release\.netframework,version=v4.6.1.assemblyattributes.obj
c:\users\coenraad\desktop\project take 2\source\3 visual studio\clipsclrwrapper\intermediate\win32\release\.netframework,version=v4.6.1.assemblyattributes.asm
c:\users\coenraad\desktop\vehicle_diagnostic_expert_system\source\clipsclrwrapper\intermediate\win32\release\vc142.pdb
c:\users\coenraad\desktop\vehicle_diagnostic_expert_system\source\clipsclrwrapper\intermediate\win32\release\cstrccom.obj
c:\users\coenraad\desktop\vehicle_diagnostic_expert_system\source\clipsclrwrapper\intermediate\win32\release\cstrcbin.obj
c:\users\coenraad\desktop\vehicle_diagnostic_expert_system\source\clipsclrwrapper\intermediate\win32\release\crstrtgy.obj
c:\users\coenraad\desktop\vehicle_diagnostic_expert_system\source\clipsclrwrapper\intermediate\win32\release\constrnt.obj
c:\users\coenraad\desktop\vehicle_diagnostic_expert_system\source\clipsclrwrapper\intermediate\win32\release\constrct.obj
c:\users\coenraad\desktop\vehicle_diagnostic_expert_system\source\clipsclrwrapper\intermediate\win32\release\conscomp.obj
c:\users\coenraad\desktop\vehicle_diagnostic_expert_system\source\clipsclrwrapper\intermediate\win32\release\commline.obj
c:\users\coenraad\desktop\vehicle_diagnostic_expert_system\source\clipsclrwrapper\intermediate\win32\release\clsltpsr.obj
c:\users\coenraad\desktop\vehicle_diagnostic_expert_system\source\clipsclrwrapper\intermediate\win32\release\classpsr.obj
c:\users\coenraad\desktop\vehicle_diagnostic_expert_system\source\clipsclrwrapper\intermediate\win32\release\classini.obj
c:\users\coenraad\desktop\vehicle_diagnostic_expert_system\source\clipsclrwrapper\intermediate\win32\release\classinf.obj
c:\users\coenraad\desktop\vehicle_diagnostic_expert_system\source\clipsclrwrapper\intermediate\win32\release\classfun.obj
c:\users\coenraad\desktop\vehicle_diagnostic_expert_system\source\clipsclrwrapper\intermediate\win32\release\classexm.obj
c:\users\coenraad\desktop\vehicle_diagnostic_expert_system\source\clipsclrwrapper\intermediate\win32\release\classcom.obj
c:\users\coenraad\desktop\vehicle_diagnostic_expert_system\source\clipsclrwrapper\intermediate\win32\release\bsave.obj
c:\users\coenraad\desktop\vehicle_diagnostic_expert_system\source\clipsclrwrapper\intermediate\win32\release\bmathfun.obj
c:\users\coenraad\desktop\vehicle_diagnostic_expert_system\source\clipsclrwrapper\intermediate\win32\release\bload.obj
c:\users\coenraad\desktop\vehicle_diagnostic_expert_system\source\clipsclrwrapper\intermediate\win32\release\argacces.obj
c:\users\coenraad\desktop\vehicle_diagnostic_expert_system\source\clipsclrwrapper\intermediate\win32\release\analysis.obj
c:\users\coenraad\desktop\vehicle_diagnostic_expert_system\source\clipsclrwrapper\intermediate\win32\release\agenda.obj
c:\users\coenraad\desktop\vehicle_diagnostic_expert_system\source\clipsclrwrapper\intermediate\win32\release\dffnxpsr.obj
c:\users\coenraad\desktop\vehicle_diagnostic_expert_system\source\clipsclrwrapper\intermediate\win32\release\dffnxfun.obj
c:\users\coenraad\desktop\vehicle_diagnostic_expert_system\source\clipsclrwrapper\intermediate\win32\release\dffnxexe.obj
c:\users\coenraad\desktop\vehicle_diagnostic_expert_system\source\clipsclrwrapper\intermediate\win32\release\dffnxcmp.obj
c:\users\coenraad\desktop\vehicle_diagnostic_expert_system\source\clipsclrwrapper\intermediate\win32\release\dffnxbin.obj
c:\users\coenraad\desktop\vehicle_diagnostic_expert_system\source\clipsclrwrapper\intermediate\win32\release\dffctpsr.obj
c:\users\coenraad\desktop\vehicle_diagnostic_expert_system\source\clipsclrwrapper\intermediate\win32\release\dffctdef.obj
c:\users\coenraad\desktop\vehicle_diagnostic_expert_system\source\clipsclrwrapper\intermediate\win32\release\dffctcmp.obj
c:\users\coenraad\desktop\vehicle_diagnostic_expert_system\source\clipsclrwrapper\intermediate\win32\release\dffctbsc.obj
c:\users\coenraad\desktop\vehicle_diagnostic_expert_system\source\clipsclrwrapper\intermediate\win32\release\dffctbin.obj
c:\users\coenraad\desktop\vehicle_diagnostic_expert_system\source\clipsclrwrapper\intermediate\win32\release\developr.obj
c:\users\coenraad\desktop\vehicle_diagnostic_expert_system\source\clipsclrwrapper\intermediate\win32\release\defins.obj
c:\users\coenraad\desktop\vehicle_diagnostic_expert_system\source\clipsclrwrapper\intermediate\win32\release\default.obj
c:\users\coenraad\desktop\vehicle_diagnostic_expert_system\source\clipsclrwrapper\intermediate\win32\release\cstrnutl.obj
c:\users\coenraad\desktop\vehicle_diagnostic_expert_system\source\clipsclrwrapper\intermediate\win32\release\cstrnpsr.obj
c:\users\coenraad\desktop\vehicle_diagnostic_expert_system\source\clipsclrwrapper\intermediate\win32\release\cstrnops.obj
c:\users\coenraad\desktop\vehicle_diagnostic_expert_system\source\clipsclrwrapper\intermediate\win32\release\cstrncmp.obj
c:\users\coenraad\desktop\vehicle_diagnostic_expert_system\source\clipsclrwrapper\intermediate\win32\release\cstrnchk.obj
c:\users\coenraad\desktop\vehicle_diagnostic_expert_system\source\clipsclrwrapper\intermediate\win32\release\cstrnbin.obj
c:\users\coenraad\desktop\vehicle_diagnostic_expert_system\source\clipsclrwrapper\intermediate\win32\release\cstrcpsr.obj
c:\users\coenraad\desktop\vehicle_diagnostic_expert_system\source\clipsclrwrapper\intermediate\win32\release\facthsh.obj
c:\users\coenraad\desktop\vehicle_diagnostic_expert_system\source\clipsclrwrapper\intermediate\win32\release\factgen.obj
c:\users\coenraad\desktop\vehicle_diagnostic_expert_system\source\clipsclrwrapper\intermediate\win32\release\factfun.obj
c:\users\coenraad\desktop\vehicle_diagnostic_expert_system\source\clipsclrwrapper\intermediate\win32\release\factcom.obj
c:\users\coenraad\desktop\vehicle_diagnostic_expert_system\source\clipsclrwrapper\intermediate\win32\release\factcmp.obj
c:\users\coenraad\desktop\vehicle_diagnostic_expert_system\source\clipsclrwrapper\intermediate\win32\release\factbld.obj
c:\users\coenraad\desktop\vehicle_diagnostic_expert_system\source\clipsclrwrapper\intermediate\win32\release\factbin.obj
c:\users\coenraad\desktop\vehicle_diagnostic_expert_system\source\clipsclrwrapper\intermediate\win32\release\extnfunc.obj
c:\users\coenraad\desktop\vehicle_diagnostic_expert_system\source\clipsclrwrapper\intermediate\win32\release\exprnpsr.obj
c:\users\coenraad\desktop\vehicle_diagnostic_expert_system\source\clipsclrwrapper\intermediate\win32\release\exprnops.obj
c:\users\coenraad\desktop\vehicle_diagnostic_expert_system\source\clipsclrwrapper\intermediate\win32\release\exprnbin.obj
c:\users\coenraad\desktop\vehicle_diagnostic_expert_system\source\clipsclrwrapper\intermediate\win32\release\expressn.obj
c:\users\coenraad\desktop\vehicle_diagnostic_expert_system\source\clipsclrwrapper\intermediate\win32\release\evaluatn.obj
c:\users\coenraad\desktop\vehicle_diagnostic_expert_system\source\clipsclrwrapper\intermediate\win32\release\envrnmnt.obj
c:\users\coenraad\desktop\vehicle_diagnostic_expert_system\source\clipsclrwrapper\intermediate\win32\release\envrnbld.obj
c:\users\coenraad\desktop\vehicle_diagnostic_expert_system\source\clipsclrwrapper\intermediate\win32\release\engine.obj
c:\users\coenraad\desktop\vehicle_diagnostic_expert_system\source\clipsclrwrapper\intermediate\win32\release\emathfun.obj
c:\users\coenraad\desktop\vehicle_diagnostic_expert_system\source\clipsclrwrapper\intermediate\win32\release\drive.obj
c:\users\coenraad\desktop\vehicle_diagnostic_expert_system\source\clipsclrwrapper\intermediate\win32\release\dfinscmp.obj
c:\users\coenraad\desktop\vehicle_diagnostic_expert_system\source\clipsclrwrapper\intermediate\win32\release\dfinsbin.obj
c:\users\coenraad\desktop\vehicle_diagnostic_expert_system\source\clipsclrwrapper\intermediate\win32\release\globlbsc.obj
c:\users\coenraad\desktop\vehicle_diagnostic_expert_system\source\clipsclrwrapper\intermediate\win32\release\globlbin.obj
c:\users\coenraad\desktop\vehicle_diagnostic_expert_system\source\clipsclrwrapper\intermediate\win32\release\genrcpsr.obj
c:\users\coenraad\desktop\vehicle_diagnostic_expert_system\source\clipsclrwrapper\intermediate\win32\release\genrcfun.obj
c:\users\coenraad\desktop\vehicle_diagnostic_expert_system\source\clipsclrwrapper\intermediate\win32\release\genrcexe.obj
c:\users\coenraad\desktop\vehicle_diagnostic_expert_system\source\clipsclrwrapper\intermediate\win32\release\genrccom.obj
c:\users\coenraad\desktop\vehicle_diagnostic_expert_system\source\clipsclrwrapper\intermediate\win32\release\genrccmp.obj
c:\users\coenraad\desktop\vehicle_diagnostic_expert_system\source\clipsclrwrapper\intermediate\win32\release\genrcbin.obj
c:\users\coenraad\desktop\vehicle_diagnostic_expert_system\source\clipsclrwrapper\intermediate\win32\release\generate.obj
c:\users\coenraad\desktop\vehicle_diagnostic_expert_system\source\clipsclrwrapper\intermediate\win32\release\fileutil.obj
c:\users\coenraad\desktop\vehicle_diagnostic_expert_system\source\clipsclrwrapper\intermediate\win32\release\filertr.obj
c:\users\coenraad\desktop\vehicle_diagnostic_expert_system\source\clipsclrwrapper\intermediate\win32\release\filecom.obj
c:\users\coenraad\desktop\vehicle_diagnostic_expert_system\source\clipsclrwrapper\intermediate\win32\release\factrhs.obj
c:\users\coenraad\desktop\vehicle_diagnostic_expert_system\source\clipsclrwrapper\intermediate\win32\release\factrete.obj
c:\users\coenraad\desktop\vehicle_diagnostic_expert_system\source\clipsclrwrapper\intermediate\win32\release\factqury.obj
c:\users\coenraad\desktop\vehicle_diagnostic_expert_system\source\clipsclrwrapper\intermediate\win32\release\factqpsr.obj
c:\users\coenraad\desktop\vehicle_diagnostic_expert_system\source\clipsclrwrapper\intermediate\win32\release\factprt.obj
c:\users\coenraad\desktop\vehicle_diagnostic_expert_system\source\clipsclrwrapper\intermediate\win32\release\factmngr.obj
c:\users\coenraad\desktop\vehicle_diagnostic_expert_system\source\clipsclrwrapper\intermediate\win32\release\factmch.obj
c:\users\coenraad\desktop\vehicle_diagnostic_expert_system\source\clipsclrwrapper\intermediate\win32\release\factlhs.obj
c:\users\coenraad\desktop\vehicle_diagnostic_expert_system\source\clipsclrwrapper\intermediate\win32\release\miscfun.obj
c:\users\coenraad\desktop\vehicle_diagnostic_expert_system\source\clipsclrwrapper\intermediate\win32\release\memalloc.obj
c:\users\coenraad\desktop\vehicle_diagnostic_expert_system\source\clipsclrwrapper\intermediate\win32\release\lgcldpnd.obj
c:\users\coenraad\desktop\vehicle_diagnostic_expert_system\source\clipsclrwrapper\intermediate\win32\release\iofun.obj
c:\users\coenraad\desktop\vehicle_diagnostic_expert_system\source\clipsclrwrapper\intermediate\win32\release\insqypsr.obj
c:\users\coenraad\desktop\vehicle_diagnostic_expert_system\source\clipsclrwrapper\intermediate\win32\release\insquery.obj
c:\users\coenraad\desktop\vehicle_diagnostic_expert_system\source\clipsclrwrapper\intermediate\win32\release\inspsr.obj
c:\users\coenraad\desktop\vehicle_diagnostic_expert_system\source\clipsclrwrapper\intermediate\win32\release\insmult.obj
c:\users\coenraad\desktop\vehicle_diagnostic_expert_system\source\clipsclrwrapper\intermediate\win32\release\insmoddp.obj
c:\users\coenraad\desktop\vehicle_diagnostic_expert_system\source\clipsclrwrapper\intermediate\win32\release\insmngr.obj
c:\users\coenraad\desktop\vehicle_diagnostic_expert_system\source\clipsclrwrapper\intermediate\win32\release\insfun.obj
c:\users\coenraad\desktop\vehicle_diagnostic_expert_system\source\clipsclrwrapper\intermediate\win32\release\insfile.obj
c:\users\coenraad\desktop\vehicle_diagnostic_expert_system\source\clipsclrwrapper\intermediate\win32\release\inscom.obj
c:\users\coenraad\desktop\vehicle_diagnostic_expert_system\source\clipsclrwrapper\intermediate\win32\release\inherpsr.obj
c:\users\coenraad\desktop\vehicle_diagnostic_expert_system\source\clipsclrwrapper\intermediate\win32\release\incrrset.obj
c:\users\coenraad\desktop\vehicle_diagnostic_expert_system\source\clipsclrwrapper\intermediate\win32\release\immthpsr.obj
c:\users\coenraad\desktop\vehicle_diagnostic_expert_system\source\clipsclrwrapper\intermediate\win32\release\globlpsr.obj
c:\users\coenraad\desktop\vehicle_diagnostic_expert_system\source\clipsclrwrapper\intermediate\win32\release\globldef.obj
c:\users\coenraad\desktop\vehicle_diagnostic_expert_system\source\clipsclrwrapper\intermediate\win32\release\globlcom.obj
c:\users\coenraad\desktop\vehicle_diagnostic_expert_system\source\clipsclrwrapper\intermediate\win32\release\globlcmp.obj
c:\users\coenraad\desktop\vehicle_diagnostic_expert_system\source\clipsclrwrapper\intermediate\win32\release\objrtmch.obj
c:\users\coenraad\desktop\vehicle_diagnostic_expert_system\source\clipsclrwrapper\intermediate\win32\release\objrtgen.obj
c:\users\coenraad\desktop\vehicle_diagnostic_expert_system\source\clipsclrwrapper\intermediate\win32\release\objrtfnx.obj
c:\users\coenraad\desktop\vehicle_diagnostic_expert_system\source\clipsclrwrapper\intermediate\win32\release\objrtcmp.obj
c:\users\coenraad\desktop\vehicle_diagnostic_expert_system\source\clipsclrwrapper\intermediate\win32\release\objrtbld.obj
c:\users\coenraad\desktop\vehicle_diagnostic_expert_system\source\clipsclrwrapper\intermediate\win32\release\objrtbin.obj
c:\users\coenraad\desktop\vehicle_diagnostic_expert_system\source\clipsclrwrapper\intermediate\win32\release\objcmp.obj
c:\users\coenraad\desktop\vehicle_diagnostic_expert_system\source\clipsclrwrapper\intermediate\win32\release\objbin.obj
c:\users\coenraad\desktop\vehicle_diagnostic_expert_system\source\clipsclrwrapper\intermediate\win32\release\multifun.obj
c:\users\coenraad\desktop\vehicle_diagnostic_expert_system\source\clipsclrwrapper\intermediate\win32\release\multifld.obj
c:\users\coenraad\desktop\vehicle_diagnostic_expert_system\source\clipsclrwrapper\intermediate\win32\release\msgpsr.obj
c:\users\coenraad\desktop\vehicle_diagnostic_expert_system\source\clipsclrwrapper\intermediate\win32\release\msgpass.obj
c:\users\coenraad\desktop\vehicle_diagnostic_expert_system\source\clipsclrwrapper\intermediate\win32\release\msgfun.obj
c:\users\coenraad\desktop\vehicle_diagnostic_expert_system\source\clipsclrwrapper\intermediate\win32\release\msgcom.obj
c:\users\coenraad\desktop\vehicle_diagnostic_expert_system\source\clipsclrwrapper\intermediate\win32\release\modulutl.obj
c:\users\coenraad\desktop\vehicle_diagnostic_expert_system\source\clipsclrwrapper\intermediate\win32\release\modulpsr.obj
c:\users\coenraad\desktop\vehicle_diagnostic_expert_system\source\clipsclrwrapper\intermediate\win32\release\moduldef.obj
c:\users\coenraad\desktop\vehicle_diagnostic_expert_system\source\clipsclrwrapper\intermediate\win32\release\modulcmp.obj
c:\users\coenraad\desktop\vehicle_diagnostic_expert_system\source\clipsclrwrapper\intermediate\win32\release\modulbsc.obj
c:\users\coenraad\desktop\vehicle_diagnostic_expert_system\source\clipsclrwrapper\intermediate\win32\release\modulbin.obj
c:\users\coenraad\desktop\vehicle_diagnostic_expert_system\source\clipsclrwrapper\intermediate\win32\release\ruledef.obj
c:\users\coenraad\desktop\vehicle_diagnostic_expert_system\source\clipsclrwrapper\intermediate\win32\release\rulecstr.obj
c:\users\coenraad\desktop\vehicle_diagnostic_expert_system\source\clipsclrwrapper\intermediate\win32\release\rulecom.obj
c:\users\coenraad\desktop\vehicle_diagnostic_expert_system\source\clipsclrwrapper\intermediate\win32\release\rulecmp.obj
c:\users\coenraad\desktop\vehicle_diagnostic_expert_system\source\clipsclrwrapper\intermediate\win32\release\rulebsc.obj
c:\users\coenraad\desktop\vehicle_diagnostic_expert_system\source\clipsclrwrapper\intermediate\win32\release\rulebld.obj
c:\users\coenraad\desktop\vehicle_diagnostic_expert_system\source\clipsclrwrapper\intermediate\win32\release\rulebin.obj
c:\users\coenraad\desktop\vehicle_diagnostic_expert_system\source\clipsclrwrapper\intermediate\win32\release\router.obj
c:\users\coenraad\desktop\vehicle_diagnostic_expert_system\source\clipsclrwrapper\intermediate\win32\release\retract.obj
c:\users\coenraad\desktop\vehicle_diagnostic_expert_system\source\clipsclrwrapper\intermediate\win32\release\reteutil.obj
c:\users\coenraad\desktop\vehicle_diagnostic_expert_system\source\clipsclrwrapper\intermediate\win32\release\reorder.obj
c:\users\coenraad\desktop\vehicle_diagnostic_expert_system\source\clipsclrwrapper\intermediate\win32\release\proflfun.obj
c:\users\coenraad\desktop\vehicle_diagnostic_expert_system\source\clipsclrwrapper\intermediate\win32\release\prntutil.obj
c:\users\coenraad\desktop\vehicle_diagnostic_expert_system\source\clipsclrwrapper\intermediate\win32\release\prdctfun.obj
c:\users\coenraad\desktop\vehicle_diagnostic_expert_system\source\clipsclrwrapper\intermediate\win32\release\prcdrpsr.obj
c:\users\coenraad\desktop\vehicle_diagnostic_expert_system\source\clipsclrwrapper\intermediate\win32\release\prcdrfun.obj
c:\users\coenraad\desktop\vehicle_diagnostic_expert_system\source\clipsclrwrapper\intermediate\win32\release\prccode.obj
c:\users\coenraad\desktop\vehicle_diagnostic_expert_system\source\clipsclrwrapper\intermediate\win32\release\pprint.obj
c:\users\coenraad\desktop\vehicle_diagnostic_expert_system\source\clipsclrwrapper\intermediate\win32\release\pattern.obj
c:\users\coenraad\desktop\vehicle_diagnostic_expert_system\source\clipsclrwrapper\intermediate\win32\release\parsefun.obj
c:\users\coenraad\desktop\vehicle_diagnostic_expert_system\source\clipsclrwrapper\intermediate\win32\release\tmpltrhs.obj
c:\users\coenraad\desktop\vehicle_diagnostic_expert_system\source\clipsclrwrapper\intermediate\win32\release\tmpltpsr.obj
c:\users\coenraad\desktop\vehicle_diagnostic_expert_system\source\clipsclrwrapper\intermediate\win32\release\tmpltlhs.obj
c:\users\coenraad\desktop\vehicle_diagnostic_expert_system\source\clipsclrwrapper\intermediate\win32\release\tmpltfun.obj
c:\users\coenraad\desktop\vehicle_diagnostic_expert_system\source\clipsclrwrapper\intermediate\win32\release\tmpltdef.obj
c:\users\coenraad\desktop\vehicle_diagnostic_expert_system\source\clipsclrwrapper\intermediate\win32\release\tmpltcmp.obj
c:\users\coenraad\desktop\vehicle_diagnostic_expert_system\source\clipsclrwrapper\intermediate\win32\release\tmpltbsc.obj
c:\users\coenraad\desktop\vehicle_diagnostic_expert_system\source\clipsclrwrapper\intermediate\win32\release\tmpltbin.obj
c:\users\coenraad\desktop\vehicle_diagnostic_expert_system\source\clipsclrwrapper\intermediate\win32\release\textpro.obj
c:\users\coenraad\desktop\vehicle_diagnostic_expert_system\source\clipsclrwrapper\intermediate\win32\release\sysdep.obj
c:\users\coenraad\desktop\vehicle_diagnostic_expert_system\source\clipsclrwrapper\intermediate\win32\release\symbol.obj
c:\users\coenraad\desktop\vehicle_diagnostic_expert_system\source\clipsclrwrapper\intermediate\win32\release\symblcmp.obj
c:\users\coenraad\desktop\vehicle_diagnostic_expert_system\source\clipsclrwrapper\intermediate\win32\release\symblbin.obj
c:\users\coenraad\desktop\vehicle_diagnostic_expert_system\source\clipsclrwrapper\intermediate\win32\release\strngrtr.obj
c:\users\coenraad\desktop\vehicle_diagnostic_expert_system\source\clipsclrwrapper\intermediate\win32\release\strngfun.obj
c:\users\coenraad\desktop\vehicle_diagnostic_expert_system\source\clipsclrwrapper\intermediate\win32\release\sortfun.obj
c:\users\coenraad\desktop\vehicle_diagnostic_expert_system\source\clipsclrwrapper\intermediate\win32\release\scanner.obj
c:\users\coenraad\desktop\vehicle_diagnostic_expert_system\source\clipsclrwrapper\intermediate\win32\release\rulepsr.obj
c:\users\coenraad\desktop\vehicle_diagnostic_expert_system\source\clipsclrwrapper\intermediate\win32\release\rulelhs.obj
c:\users\coenraad\desktop\vehicle_diagnostic_expert_system\source\clipsclrwrapper\intermediate\win32\release\ruledlt.obj
c:\users\coenraad\desktop\vehicle_diagnostic_expert_system\source\clipsclrwrapper\intermediate\win32\release\clipsnet_userfunction.obj
c:\users\coenraad\desktop\vehicle_diagnostic_expert_system\source\clipsclrwrapper\intermediate\win32\release\clipsnet_slotvalue.obj
c:\users\coenraad\desktop\vehicle_diagnostic_expert_system\source\clipsclrwrapper\intermediate\win32\release\clipsnet_router.obj
c:\users\coenraad\desktop\vehicle_diagnostic_expert_system\source\clipsclrwrapper\intermediate\win32\release\clipsnet_periodiccallback.obj
c:\users\coenraad\desktop\vehicle_diagnostic_expert_system\source\clipsclrwrapper\intermediate\win32\release\clipsnet_parsererrorcallback.obj
c:\users\coenraad\desktop\vehicle_diagnostic_expert_system\source\clipsclrwrapper\intermediate\win32\release\clipsnet_module.obj
c:\users\coenraad\desktop\vehicle_diagnostic_expert_system\source\clipsclrwrapper\intermediate\win32\release\clipsnet_focusstack.obj
c:\users\coenraad\desktop\vehicle_diagnostic_expert_system\source\clipsclrwrapper\intermediate\win32\release\clipsnet_focus.obj
c:\users\coenraad\desktop\vehicle_diagnostic_expert_system\source\clipsclrwrapper\intermediate\win32\release\clipsnet_factinstance.obj
c:\users\coenraad\desktop\vehicle_diagnostic_expert_system\source\clipsclrwrapper\intermediate\win32\release\clipsnet_exceptions.obj
c:\users\coenraad\desktop\vehicle_diagnostic_expert_system\source\clipsclrwrapper\intermediate\win32\release\clipsnet_environment.obj
c:\users\coenraad\desktop\vehicle_diagnostic_expert_system\source\clipsclrwrapper\intermediate\win32\release\clipsnet_agenda.obj
c:\users\coenraad\desktop\vehicle_diagnostic_expert_system\source\clipsclrwrapper\intermediate\win32\release\clipsnet_activation.obj
c:\users\coenraad\desktop\vehicle_diagnostic_expert_system\source\clipsclrwrapper\intermediate\win32\release\clipsclrassemblyinfo.obj
c:\users\coenraad\desktop\vehicle_diagnostic_expert_system\source\clipsclrwrapper\intermediate\win32\release\clipscpplib.obj
c:\users\coenraad\desktop\vehicle_diagnostic_expert_system\source\clipsclrwrapper\intermediate\win32\release\watch.obj
c:\users\coenraad\desktop\vehicle_diagnostic_expert_system\source\clipsclrwrapper\intermediate\win32\release\utility.obj
c:\users\coenraad\desktop\vehicle_diagnostic_expert_system\source\clipsclrwrapper\intermediate\win32\release\userfunctions.obj
c:\users\coenraad\desktop\vehicle_diagnostic_expert_system\source\clipsclrwrapper\intermediate\win32\release\userdata.obj
c:\users\coenraad\desktop\vehicle_diagnostic_expert_system\source\clipsclrwrapper\intermediate\win32\release\tmpltutl.obj
c:\users\coenraad\desktop\vehicle_diagnostic_expert_system\source\clipsclrwrapper\intermediate\win32\release\clipsnet_values.obj
c:\users\coenraad\desktop\project take 2\source\3 visual studio\clipsclrwrapper\libraries\win32\release\clipsclrwrapper.dll
c:\users\coenraad\desktop\project take 2\source\3 visual studio\clipsclrwrapper\libraries\win32\release\clipsclrwrapper.pdb
c:\users\coenraad\desktop\vehicle_diagnostic_expert_system\source\clipsclrwrapper\libraries\win32\release\clipsclrwrapper.dll
c:\users\coenraad\desktop\vehicle_diagnostic_expert_system\source\clipsclrwrapper\libraries\win32\release\clipsclrwrapper.pdb
c:\users\coenraad\desktop\vehicle_diagnostic_expert_system\source\clipsclrwrapper\intermediate\win32\release\clipsclrwrapper.vcxprojassemblyreference.cache
c:\users\coenraad\desktop\vehicle_diagnostic_expert_system\source\clipsclrwrapper\intermediate\win32\release\.netframework,version=v4.6.1.assemblyattributes.obj
c:\users\coenraad\desktop\vehicle_diagnostic_expert_system\source\clipsclrwrapper\intermediate\win32\release\clipsclrwrapper.tlog\cl.command.1.tlog
c:\users\coenraad\desktop\vehicle_diagnostic_expert_system\source\clipsclrwrapper\intermediate\win32\release\clipsclrwrapper.tlog\cl.read.1.tlog
c:\users\coenraad\desktop\vehicle_diagnostic_expert_system\source\clipsclrwrapper\intermediate\win32\release\clipsclrwrapper.tlog\cl.write.1.tlog
c:\users\coenraad\desktop\vehicle_diagnostic_expert_system\source\clipsclrwrapper\intermediate\win32\release\clipsclrwrapper.tlog\link.command.1.tlog
c:\users\coenraad\desktop\vehicle_diagnostic_expert_system\source\clipsclrwrapper\intermediate\win32\release\clipsclrwrapper.tlog\link.read.1.tlog
c:\users\coenraad\desktop\vehicle_diagnostic_expert_system\source\clipsclrwrapper\intermediate\win32\release\clipsclrwrapper.tlog\link.write.1.tlog
c:\users\coenraad\desktop\vehicle_diagnostic_expert_system\source\clipsclrwrapper\intermediate\win32\release\clipsclrwrapper.tlog\metagen.read.1.tlog
c:\users\coenraad\desktop\vehicle_diagnostic_expert_system\source\clipsclrwrapper\intermediate\win32\release\clipsclrwrapper.tlog\metagen.write.1.tlog
